2025-07-23 13:49:31,219 - INFO - Ingesting begin_inventory.csv in db
2025-07-23 13:49:33,854 - INFO - Ingesting end_inventory.csv in db
2025-07-23 13:49:38,141 - INFO - Ingesting purchases.csv in db
2025-07-23 13:49:55,777 - INFO - Ingesting purchase_prices.csv in db
2025-07-23 13:49:57,545 - INFO - Ingesting sales.csv in db
2025-07-23 13:50:11,519 - INFO - Ingesting vendor_invoice.csv in db
2025-07-23 13:50:11,577 - INFO - -------------Ingestion Complete-------------
2025-07-23 13:50:11,578 - INFO - 
Total Time Taken: 0.6789717713991801 minutes
2025-07-23 17:24:58,016 - INFO - Creating Vendor Summary Table.............
2025-07-23 17:25:03,873 - INFO -    VendorNumber                   VendorName  Brand              Description  \
0          1128  BROWN-FORMAN CORP             1233  Jack Daniels No 7 Black   
1          3960  DIAGEO NORTH AMERICA INC      4261   Capt Morgan Spiced Rum   
2          4425        MARTIGNETTI COMPANIES   3405    Tito's Handmade Vodka   
3         17035  PERNOD RICARD USA             8068         Absolut 80 Proof   
4          3960  DIAGEO NORTH AMERICA INC      3545          Ketel One Vodka   

   PurchasePrice  ActualPrice Volume  TotalPurchaseQuantity  \
0          26.27        36.99   1750                  59919   
1          16.17        22.99   1750                  94753   
2          23.19        28.99   1750                  61388   
3          18.24        24.99   1750                  75029   
4          21.89        29.99   1750                  57944   

   TotalPurchaseDollars  TotalSalesQuantity  TotalSalesDollars  \
0            1574072.13              9478.0          341113.22   
1            1532156.01             20114.0          442347.86   
2            1423587.72              9203.0          275162.97   
3            1368528.96             10964.0          282398.36   
4            1268394.16             11883.0          357759.17   

   TotalSalesPrice  TotalExciseTax  FreightCost  
0         64242.15        17414.40     68601.68  
1         42886.50        36957.99    257032.07  
2         52289.50        16909.12    144929.24  
3         46667.90        20144.60    123780.22  
4         52774.51        21833.58    257032.07  
2025-07-23 17:25:03,903 - INFO - Cleaning Data.............
2025-07-23 17:25:03,951 - INFO -    VendorNumber                VendorName  Brand              Description  \
0          1128         BROWN-FORMAN CORP   1233  Jack Daniels No 7 Black   
1          3960  DIAGEO NORTH AMERICA INC   4261   Capt Morgan Spiced Rum   
2          4425     MARTIGNETTI COMPANIES   3405    Tito's Handmade Vodka   
3         17035         PERNOD RICARD USA   8068         Absolut 80 Proof   
4          3960  DIAGEO NORTH AMERICA INC   3545          Ketel One Vodka   

   PurchasePrice  ActualPrice  Volume  TotalPurchaseQuantity  \
0          26.27        36.99  1750.0                  59919   
1          16.17        22.99  1750.0                  94753   
2          23.19        28.99  1750.0                  61388   
3          18.24        24.99  1750.0                  75029   
4          21.89        29.99  1750.0                  57944   

   TotalPurchaseDollars  TotalSalesQuantity  TotalSalesDollars  \
0            1574072.13              9478.0          341113.22   
1            1532156.01             20114.0          442347.86   
2            1423587.72              9203.0          275162.97   
3            1368528.96             10964.0          282398.36   
4            1268394.16             11883.0          357759.17   

   TotalSalesPrice  TotalExciseTax  FreightCost  GrossProfit  ProfitMargin  \
0         64242.15        17414.40     68601.68  -1232958.91   -361.451517   
1         42886.50        36957.99    257032.07  -1089808.15   -246.369034   
2         52289.50        16909.12    144929.24  -1148424.75   -417.361664   
3         46667.90        20144.60    123780.22  -1086130.60   -384.609387   
4         52774.51        21833.58    257032.07   -910634.99   -254.538546   

   StockTurnover  SalestoPurchaseRatio  
0       0.158180              5.692906  
1       0.212278              4.668431  
2       0.149915              4.482358  
3       0.146130              3.763856  
4       0.205077              6.174223  
2025-07-23 17:25:03,958 - INFO - Ingesting Data.............
2025-07-23 17:25:04,038 - INFO - Completed
2025-07-23 17:27:45,459 - INFO - Creating Vendor Summary Table.............
2025-07-23 17:27:49,322 - INFO -    VendorNumber                   VendorName  Brand              Description  \
0          1128  BROWN-FORMAN CORP             1233  Jack Daniels No 7 Black   
1          3960  DIAGEO NORTH AMERICA INC      4261   Capt Morgan Spiced Rum   
2          4425        MARTIGNETTI COMPANIES   3405    Tito's Handmade Vodka   
3         17035  PERNOD RICARD USA             8068         Absolut 80 Proof   
4          3960  DIAGEO NORTH AMERICA INC      3545          Ketel One Vodka   

   PurchasePrice  ActualPrice Volume  TotalPurchaseQuantity  \
0          26.27        36.99   1750                  59919   
1          16.17        22.99   1750                  94753   
2          23.19        28.99   1750                  61388   
3          18.24        24.99   1750                  75029   
4          21.89        29.99   1750                  57944   

   TotalPurchaseDollars  TotalSalesQuantity  TotalSalesDollars  \
0            1574072.13              9478.0          341113.22   
1            1532156.01             20114.0          442347.86   
2            1423587.72              9203.0          275162.97   
3            1368528.96             10964.0          282398.36   
4            1268394.16             11883.0          357759.17   

   TotalSalesPrice  TotalExciseTax  FreightCost  
0         64242.15        17414.40     68601.68  
1         42886.50        36957.99    257032.07  
2         52289.50        16909.12    144929.24  
3         46667.90        20144.60    123780.22  
4         52774.51        21833.58    257032.07  
2025-07-23 17:27:49,334 - INFO - Cleaning Data.............
2025-07-23 17:27:49,360 - INFO -    VendorNumber                VendorName  Brand              Description  \
0          1128         BROWN-FORMAN CORP   1233  Jack Daniels No 7 Black   
1          3960  DIAGEO NORTH AMERICA INC   4261   Capt Morgan Spiced Rum   
2          4425     MARTIGNETTI COMPANIES   3405    Tito's Handmade Vodka   
3         17035         PERNOD RICARD USA   8068         Absolut 80 Proof   
4          3960  DIAGEO NORTH AMERICA INC   3545          Ketel One Vodka   

   PurchasePrice  ActualPrice  Volume  TotalPurchaseQuantity  \
0          26.27        36.99  1750.0                  59919   
1          16.17        22.99  1750.0                  94753   
2          23.19        28.99  1750.0                  61388   
3          18.24        24.99  1750.0                  75029   
4          21.89        29.99  1750.0                  57944   

   TotalPurchaseDollars  TotalSalesQuantity  TotalSalesDollars  \
0            1574072.13              9478.0          341113.22   
1            1532156.01             20114.0          442347.86   
2            1423587.72              9203.0          275162.97   
3            1368528.96             10964.0          282398.36   
4            1268394.16             11883.0          357759.17   

   TotalSalesPrice  TotalExciseTax  FreightCost  GrossProfit  ProfitMargin  \
0         64242.15        17414.40     68601.68  -1232958.91   -361.451517   
1         42886.50        36957.99    257032.07  -1089808.15   -246.369034   
2         52289.50        16909.12    144929.24  -1148424.75   -417.361664   
3         46667.90        20144.60    123780.22  -1086130.60   -384.609387   
4         52774.51        21833.58    257032.07   -910634.99   -254.538546   

   StockTurnover  SalestoPurchaseRatio  
0       0.158180              5.692906  
1       0.212278              4.668431  
2       0.149915              4.482358  
3       0.146130              3.763856  
4       0.205077              6.174223  
2025-07-23 17:27:49,369 - INFO - Ingesting Data.............
2025-07-23 17:27:49,459 - INFO - Completed
2025-07-23 17:28:58,977 - INFO - Creating Vendor Summary Table.............
2025-07-23 17:29:02,722 - INFO -    VendorNumber                   VendorName  Brand              Description  \
0          1128  BROWN-FORMAN CORP             1233  Jack Daniels No 7 Black   
1          3960  DIAGEO NORTH AMERICA INC      4261   Capt Morgan Spiced Rum   
2          4425        MARTIGNETTI COMPANIES   3405    Tito's Handmade Vodka   
3         17035  PERNOD RICARD USA             8068         Absolut 80 Proof   
4          3960  DIAGEO NORTH AMERICA INC      3545          Ketel One Vodka   

   PurchasePrice  ActualPrice Volume  TotalPurchaseQuantity  \
0          26.27        36.99   1750                  59919   
1          16.17        22.99   1750                  94753   
2          23.19        28.99   1750                  61388   
3          18.24        24.99   1750                  75029   
4          21.89        29.99   1750                  57944   

   TotalPurchaseDollars  TotalSalesQuantity  TotalSalesDollars  \
0            1574072.13              9478.0          341113.22   
1            1532156.01             20114.0          442347.86   
2            1423587.72              9203.0          275162.97   
3            1368528.96             10964.0          282398.36   
4            1268394.16             11883.0          357759.17   

   TotalSalesPrice  TotalExciseTax  FreightCost  
0         64242.15        17414.40     68601.68  
1         42886.50        36957.99    257032.07  
2         52289.50        16909.12    144929.24  
3         46667.90        20144.60    123780.22  
4         52774.51        21833.58    257032.07  
2025-07-23 17:29:02,729 - INFO - Cleaning Data.............
2025-07-23 17:29:02,740 - INFO -    VendorNumber                VendorName  Brand              Description  \
0          1128         BROWN-FORMAN CORP   1233  Jack Daniels No 7 Black   
1          3960  DIAGEO NORTH AMERICA INC   4261   Capt Morgan Spiced Rum   
2          4425     MARTIGNETTI COMPANIES   3405    Tito's Handmade Vodka   
3         17035         PERNOD RICARD USA   8068         Absolut 80 Proof   
4          3960  DIAGEO NORTH AMERICA INC   3545          Ketel One Vodka   

   PurchasePrice  ActualPrice  Volume  TotalPurchaseQuantity  \
0          26.27        36.99  1750.0                  59919   
1          16.17        22.99  1750.0                  94753   
2          23.19        28.99  1750.0                  61388   
3          18.24        24.99  1750.0                  75029   
4          21.89        29.99  1750.0                  57944   

   TotalPurchaseDollars  TotalSalesQuantity  TotalSalesDollars  \
0            1574072.13              9478.0          341113.22   
1            1532156.01             20114.0          442347.86   
2            1423587.72              9203.0          275162.97   
3            1368528.96             10964.0          282398.36   
4            1268394.16             11883.0          357759.17   

   TotalSalesPrice  TotalExciseTax  FreightCost  GrossProfit  ProfitMargin  \
0         64242.15        17414.40     68601.68  -1232958.91   -361.451517   
1         42886.50        36957.99    257032.07  -1089808.15   -246.369034   
2         52289.50        16909.12    144929.24  -1148424.75   -417.361664   
3         46667.90        20144.60    123780.22  -1086130.60   -384.609387   
4         52774.51        21833.58    257032.07   -910634.99   -254.538546   

   StockTurnover  SalestoPurchaseRatio  
0       0.158180              5.692906  
1       0.212278              4.668431  
2       0.149915              4.482358  
3       0.146130              3.763856  
4       0.205077              6.174223  
2025-07-23 17:29:02,745 - INFO - Ingesting Data.............
2025-07-23 17:29:02,806 - INFO - Completed
2025-07-23 17:29:54,328 - INFO - Creating Vendor Summary Table.............
2025-07-23 17:29:58,712 - INFO -    VendorNumber                   VendorName  Brand              Description  \
0          1128  BROWN-FORMAN CORP             1233  Jack Daniels No 7 Black   
1          3960  DIAGEO NORTH AMERICA INC      4261   Capt Morgan Spiced Rum   
2          4425        MARTIGNETTI COMPANIES   3405    Tito's Handmade Vodka   
3         17035  PERNOD RICARD USA             8068         Absolut 80 Proof   
4          3960  DIAGEO NORTH AMERICA INC      3545          Ketel One Vodka   

   PurchasePrice  ActualPrice Volume  TotalPurchaseQuantity  \
0          26.27        36.99   1750                  59919   
1          16.17        22.99   1750                  94753   
2          23.19        28.99   1750                  61388   
3          18.24        24.99   1750                  75029   
4          21.89        29.99   1750                  57944   

   TotalPurchaseDollars  TotalSalesQuantity  TotalSalesDollars  \
0            1574072.13              9478.0          341113.22   
1            1532156.01             20114.0          442347.86   
2            1423587.72              9203.0          275162.97   
3            1368528.96             10964.0          282398.36   
4            1268394.16             11883.0          357759.17   

   TotalSalesPrice  TotalExciseTax  FreightCost  
0         64242.15        17414.40     68601.68  
1         42886.50        36957.99    257032.07  
2         52289.50        16909.12    144929.24  
3         46667.90        20144.60    123780.22  
4         52774.51        21833.58    257032.07  
2025-07-23 17:29:58,717 - INFO - Cleaning Data.............
2025-07-23 17:29:58,728 - INFO -    VendorNumber                VendorName  Brand              Description  \
0          1128         BROWN-FORMAN CORP   1233  Jack Daniels No 7 Black   
1          3960  DIAGEO NORTH AMERICA INC   4261   Capt Morgan Spiced Rum   
2          4425     MARTIGNETTI COMPANIES   3405    Tito's Handmade Vodka   
3         17035         PERNOD RICARD USA   8068         Absolut 80 Proof   
4          3960  DIAGEO NORTH AMERICA INC   3545          Ketel One Vodka   

   PurchasePrice  ActualPrice  Volume  TotalPurchaseQuantity  \
0          26.27        36.99  1750.0                  59919   
1          16.17        22.99  1750.0                  94753   
2          23.19        28.99  1750.0                  61388   
3          18.24        24.99  1750.0                  75029   
4          21.89        29.99  1750.0                  57944   

   TotalPurchaseDollars  TotalSalesQuantity  TotalSalesDollars  \
0            1574072.13              9478.0          341113.22   
1            1532156.01             20114.0          442347.86   
2            1423587.72              9203.0          275162.97   
3            1368528.96             10964.0          282398.36   
4            1268394.16             11883.0          357759.17   

   TotalSalesPrice  TotalExciseTax  FreightCost  GrossProfit  ProfitMargin  \
0         64242.15        17414.40     68601.68  -1232958.91   -361.451517   
1         42886.50        36957.99    257032.07  -1089808.15   -246.369034   
2         52289.50        16909.12    144929.24  -1148424.75   -417.361664   
3         46667.90        20144.60    123780.22  -1086130.60   -384.609387   
4         52774.51        21833.58    257032.07   -910634.99   -254.538546   

   StockTurnover  SalestoPurchaseRatio  
0       0.158180              5.692906  
1       0.212278              4.668431  
2       0.149915              4.482358  
3       0.146130              3.763856  
4       0.205077              6.174223  
2025-07-23 17:29:58,732 - INFO - Ingesting Data.............
2025-07-23 17:29:58,782 - INFO - Completed
